<?xml version="1.0" encoding="UTF-8"?>
<testng-results ignored="0" total="2" passed="2" failed="0" skipped="0">
  <reporter-output>
  </reporter-output>
  <suite started-at="2026-05-12T05:23:58Z" name="Suite" finished-at="2026-05-12T05:24:09Z" duration-ms="10279">
    <groups>
      <group name="cucumber">
        <method signature="AbstractTestNGCucumberTests.runScenario(cucumber.api.testng.PickleEventWrapper, cucumber.api.testng.CucumberFeatureWrapper)[pri:0, instance:testRunner.Runner@23986957]" name="runScenario" class="cucumber.api.testng.AbstractTestNGCucumberTests"/>
      </group> <!-- cucumber -->
    </groups>
    <test started-at="2026-05-12T05:23:58Z" name="Test" finished-at="2026-05-12T05:24:09Z" duration-ms="10279">
      <class name="testRunner.Runner">
        <test-method is-config="true" signature="setUpClass()[pri:0, instance:testRunner.Runner@23986957]" started-at="2026-05-12T05:23:58Z" name="setUpClass" finished-at="2026-05-12T05:23:59Z" duration-ms="243" status="PASS">
          <reporter-output>
          </reporter-output>
        </test-method> <!-- setUpClass -->
        <test-method signature="runScenario(cucumber.api.testng.PickleEventWrapper, cucumber.api.testng.CucumberFeatureWrapper)[pri:0, instance:testRunner.Runner@23986957]" started-at="2026-05-12T05:23:59Z" name="runScenario" description="Runs Cucumber Scenarios" data-provider="scenarios" finished-at="2026-05-12T05:24:05Z" duration-ms="5805" status="PASS">
          <params>
            <param index="0">
              <value>
                <![CDATA["Login should be Successful"]]>
              </value>
            </param>
            <param index="1">
              <value>
                <![CDATA["My Demo Opencart Application Login page"]]>
              </value>
            </param>
          </params>
          <reporter-output>
          </reporter-output>
        </test-method> <!-- runScenario -->
        <test-method signature="runScenario(cucumber.api.testng.PickleEventWrapper, cucumber.api.testng.CucumberFeatureWrapper)[pri:0, instance:testRunner.Runner@23986957]" started-at="2026-05-12T05:24:05Z" name="runScenario" description="Runs Cucumber Scenarios" data-provider="scenarios" finished-at="2026-05-12T05:24:09Z" duration-ms="4092" status="PASS">
          <params>
            <param index="0">
              <value>
                <![CDATA["Login should not be Successful"]]>
              </value>
            </param>
            <param index="1">
              <value>
                <![CDATA["My Demo Opencart Application Login page"]]>
              </value>
            </param>
          </params>
          <reporter-output>
          </reporter-output>
        </test-method> <!-- runScenario -->
        <test-method is-config="true" signature="tearDownClass()[pri:0, instance:testRunner.Runner@23986957]" started-at="2026-05-12T05:24:09Z" name="tearDownClass" finished-at="2026-05-12T05:24:09Z" duration-ms="6" status="PASS">
          <reporter-output>
          </reporter-output>
        </test-method> <!-- tearDownClass -->
      </class> <!-- testRunner.Runner -->
    </test> <!-- Test -->
  </suite> <!-- Suite -->
</testng-results>
