<?xml version="1.0" encoding="UTF-8"?>
<testng-results ignored="0" total="6" passed="6" failed="0" skipped="0">
  <reporter-output>
  </reporter-output>
  <suite started-at="2026-01-26T11:17:27Z" name="Suite" finished-at="2026-01-26T11:17:55Z" duration-ms="27388">
    <groups>
      <group name="cucumber">
        <method signature="AbstractTestNGCucumberTests.runScenario(cucumber.api.testng.PickleEventWrapper, cucumber.api.testng.CucumberFeatureWrapper)[pri:0, instance:testRunner.Runner@4fe767f3]" name="runScenario" class="cucumber.api.testng.AbstractTestNGCucumberTests"/>
      </group> <!-- cucumber -->
    </groups>
    <test started-at="2026-01-26T11:17:27Z" name="Test" finished-at="2026-01-26T11:17:55Z" duration-ms="27388">
      <class name="testRunner.Runner">
        <test-method is-config="true" signature="setUpClass()[pri:0, instance:testRunner.Runner@4fe767f3]" started-at="2026-01-26T11:17:27Z" name="setUpClass" finished-at="2026-01-26T11:17:28Z" duration-ms="1020" status="PASS">
          <reporter-output>
          </reporter-output>
        </test-method> <!-- setUpClass -->
        <test-method signature="runScenario(cucumber.api.testng.PickleEventWrapper, cucumber.api.testng.CucumberFeatureWrapper)[pri:0, instance:testRunner.Runner@4fe767f3]" started-at="2026-01-26T11:17:28Z" name="runScenario" description="Runs Cucumber Scenarios" data-provider="scenarios" finished-at="2026-01-26T11:17:36Z" duration-ms="7870" status="PASS">
          <params>
            <param index="0">
              <value>
                <![CDATA["Login should be Successful"]]>
              </value>
            </param>
            <param index="1">
              <value>
                <![CDATA["My Demo Opencart Application Login page"]]>
              </value>
            </param>
          </params>
          <reporter-output>
          </reporter-output>
        </test-method> <!-- runScenario -->
        <test-method signature="runScenario(cucumber.api.testng.PickleEventWrapper, cucumber.api.testng.CucumberFeatureWrapper)[pri:0, instance:testRunner.Runner@4fe767f3]" started-at="2026-01-26T11:17:36Z" name="runScenario" description="Runs Cucumber Scenarios" data-provider="scenarios" finished-at="2026-01-26T11:17:40Z" duration-ms="3806" status="PASS">
          <params>
            <param index="0">
              <value>
                <![CDATA["Login should not be Successful"]]>
              </value>
            </param>
            <param index="1">
              <value>
                <![CDATA["My Demo Opencart Application Login page"]]>
              </value>
            </param>
          </params>
          <reporter-output>
          </reporter-output>
        </test-method> <!-- runScenario -->
        <test-method signature="runScenario(cucumber.api.testng.PickleEventWrapper, cucumber.api.testng.CucumberFeatureWrapper)[pri:0, instance:testRunner.Runner@4fe767f3]" started-at="2026-01-26T11:17:40Z" name="runScenario" description="Runs Cucumber Scenarios" data-provider="scenarios" finished-at="2026-01-26T11:17:43Z" duration-ms="3253" status="PASS">
          <params>
            <param index="0">
              <value>
                <![CDATA["Login scenario with scenario Outline"]]>
              </value>
            </param>
            <param index="1">
              <value>
                <![CDATA["My Demo Opencart Application Login page"]]>
              </value>
            </param>
          </params>
          <reporter-output>
          </reporter-output>
        </test-method> <!-- runScenario -->
        <test-method signature="runScenario(cucumber.api.testng.PickleEventWrapper, cucumber.api.testng.CucumberFeatureWrapper)[pri:0, instance:testRunner.Runner@4fe767f3]" started-at="2026-01-26T11:17:43Z" name="runScenario" description="Runs Cucumber Scenarios" data-provider="scenarios" finished-at="2026-01-26T11:17:47Z" duration-ms="3190" status="PASS">
          <params>
            <param index="0">
              <value>
                <![CDATA["Login scenario with scenario Outline"]]>
              </value>
            </param>
            <param index="1">
              <value>
                <![CDATA["My Demo Opencart Application Login page"]]>
              </value>
            </param>
          </params>
          <reporter-output>
          </reporter-output>
        </test-method> <!-- runScenario -->
        <test-method signature="runScenario(cucumber.api.testng.PickleEventWrapper, cucumber.api.testng.CucumberFeatureWrapper)[pri:0, instance:testRunner.Runner@4fe767f3]" started-at="2026-01-26T11:17:47Z" name="runScenario" description="Runs Cucumber Scenarios" data-provider="scenarios" finished-at="2026-01-26T11:17:50Z" duration-ms="3354" status="PASS">
          <params>
            <param index="0">
              <value>
                <![CDATA["Login scenario with scenario Outline"]]>
              </value>
            </param>
            <param index="1">
              <value>
                <![CDATA["My Demo Opencart Application Login page"]]>
              </value>
            </param>
          </params>
          <reporter-output>
          </reporter-output>
        </test-method> <!-- runScenario -->
        <test-method signature="runScenario(cucumber.api.testng.PickleEventWrapper, cucumber.api.testng.CucumberFeatureWrapper)[pri:0, instance:testRunner.Runner@4fe767f3]" started-at="2026-01-26T11:17:50Z" name="runScenario" description="Runs Cucumber Scenarios" data-provider="scenarios" finished-at="2026-01-26T11:17:54Z" duration-ms="4076" status="PASS">
          <params>
            <param index="0">
              <value>
                <![CDATA["Login scenario with scenario Outline"]]>
              </value>
            </param>
            <param index="1">
              <value>
                <![CDATA["My Demo Opencart Application Login page"]]>
              </value>
            </param>
          </params>
          <reporter-output>
          </reporter-output>
        </test-method> <!-- runScenario -->
        <test-method is-config="true" signature="tearDownClass()[pri:0, instance:testRunner.Runner@4fe767f3]" started-at="2026-01-26T11:17:54Z" name="tearDownClass" finished-at="2026-01-26T11:17:55Z" duration-ms="671" status="PASS">
          <reporter-output>
          </reporter-output>
        </test-method> <!-- tearDownClass -->
      </class> <!-- testRunner.Runner -->
    </test> <!-- Test -->
  </suite> <!-- Suite -->
</testng-results>
