<?xml version="1.0" encoding="UTF-8"?>
<!-- Generated by org.testng.reporters.JUnitReportReporter -->
<testsuite hostname="ASUS-eBook" failures="0" tests="6" name="testRunner.Runner" time="25.549" errors="0" timestamp="26 Jan 2026 11:17:55 GMT" skipped="0">
  <testcase classname="testRunner.Runner" name="runScenario" time="7.870"/>
  <testcase classname="testRunner.Runner" name="runScenario" time="3.806"/>
  <testcase classname="testRunner.Runner" name="runScenario" time="3.190"/>
  <testcase classname="testRunner.Runner" name="runScenario" time="3.253"/>
  <testcase classname="testRunner.Runner" name="runScenario" time="4.076"/>
  <testcase classname="testRunner.Runner" name="runScenario" time="3.354"/>
</testsuite> <!-- testRunner.Runner -->
